0 info it worked if it ends with ok
1 verbose cli [ 'node', '/usr/local/bin/npm', 'install', 'node@0.12.7' ]
2 info using npm@2.13.5
3 info using node@v0.12.2
4 verbose install initial load of /home/romain/perso/node/node-examples/package.json
5 verbose installManyTop reading scoped package data from /home/romain/perso/node/node-examples/node_modules/amqplib/package.json
6 verbose installManyTop reading scoped package data from /home/romain/perso/node/node-examples/node_modules/async/package.json
7 verbose installManyTop reading scoped package data from /home/romain/perso/node/node-examples/node_modules/bluebird/package.json
8 verbose installManyTop reading scoped package data from /home/romain/perso/node/node-examples/node_modules/lodash/package.json
9 verbose installManyTop reading scoped package data from /home/romain/perso/node/node-examples/node_modules/moment/package.json
10 verbose installManyTop reading scoped package data from /home/romain/perso/node/node-examples/node_modules/mongodb/package.json
11 verbose installManyTop reading scoped package data from /home/romain/perso/node/node-examples/node_modules/mongoose/package.json
12 verbose installManyTop reading scoped package data from /home/romain/perso/node/node-examples/node_modules/redis/package.json
13 verbose installManyTop reading scoped package data from /home/romain/perso/node/node-examples/node_modules/should/package.json
14 info package.json mongodb@2.0.28 license should be a valid SPDX license expression
15 info package.json moment@2.10.3 No license field.
16 info package.json redis@0.12.1 No license field.
17 verbose readDependencies loading dependencies from /home/romain/perso/node/node-examples/package.json
18 silly cache add args [ 'node@0.12.7', null ]
19 verbose cache add spec node@0.12.7
20 silly cache add parsed spec { raw: 'node@0.12.7',
20 silly cache add   scope: null,
20 silly cache add   name: 'node',
20 silly cache add   rawSpec: '0.12.7',
20 silly cache add   spec: '0.12.7',
20 silly cache add   type: 'version' }
21 silly addNamed node@0.12.7
22 verbose addNamed "0.12.7" is a plain semver version for node
23 silly mapToRegistry name node
24 silly mapToRegistry using default registry
25 silly mapToRegistry registry https://registry.npmjs.org/
26 silly mapToRegistry uri https://registry.npmjs.org/node
27 verbose addNameVersion registry:https://registry.npmjs.org/node not in flight; fetching
28 verbose request uri https://registry.npmjs.org/node
29 verbose request no auth needed
30 info attempt registry request try #1 at 5:31:52 PM
31 verbose request id c97ce13bd663ca17
32 http request GET https://registry.npmjs.org/node
33 http 200 https://registry.npmjs.org/node
34 silly get cb [ 200,
34 silly get   { server: 'CouchDB/1.5.0 (Erlang OTP/R16B03)',
34 silly get     etag: '"4A754Q2V2HQ65BJAR8DUU8BED"',
34 silly get     'content-type': 'application/json',
34 silly get     'cache-control': 'max-age=60',
34 silly get     'content-length': '1018',
34 silly get     'accept-ranges': 'bytes',
34 silly get     date: 'Tue, 18 Aug 2015 15:31:52 GMT',
34 silly get     via: '1.1 varnish',
34 silly get     age: '0',
34 silly get     connection: 'keep-alive',
34 silly get     'x-served-by': 'cache-fra1239-FRA',
34 silly get     'x-cache': 'HIT',
34 silly get     'x-cache-hits': '1',
34 silly get     'x-timer': 'S1439911912.129340,VS0,VE732',
34 silly get     vary: 'Accept' } ]
35 verbose get saving node to /home/romain/.npm/registry.npmjs.org/node/.cache.json
36 verbose stack Error: version not found: node@0.12.7
36 verbose stack     at setData (/usr/local/lib/node_modules/npm/lib/cache/add-named.js:137:12)
36 verbose stack     at RES (/usr/local/lib/node_modules/npm/node_modules/inflight/inflight.js:23:14)
36 verbose stack     at f (/usr/local/lib/node_modules/npm/node_modules/once/once.js:17:25)
36 verbose stack     at fixName (/usr/local/lib/node_modules/npm/lib/cache/add-named.js:29:5)
36 verbose stack     at saved (/usr/local/lib/node_modules/npm/lib/cache/caching-client.js:173:7)
36 verbose stack     at /usr/local/lib/node_modules/npm/node_modules/graceful-fs/polyfills.js:210:7
36 verbose stack     at FSReqWrap.oncomplete (fs.js:95:15)
37 verbose statusCode 404
38 verbose cwd /home/romain/perso/node/node-examples
39 error Linux 3.13.0-57-generic
40 error argv "node" "/usr/local/bin/npm" "install" "node@0.12.7"
41 error node v0.12.2
42 error npm  v2.13.5
43 error version not found: node@0.12.7
44 error If you need help, you may report this error at:
44 error     <https://github.com/npm/npm/issues>
45 verbose exit [ 1, true ]
